2016-05-12 13:29:12.996 [INFO ]                           
2016-05-12 13:29:13.021 [INFO ] LAUNCHER                  + [!] SPARROW Source Information Extracting Module
2016-05-12 13:29:13.023 [INFO ] LAUNCHER                  |  + Version 1.0.2 (21cc372) released at 2015-11-10
2016-05-12 13:29:13.024 [INFO ]                           
2016-05-12 13:29:13.024 [INFO ] PROPERTY_MAP              + [P] The property used ===>>>
2016-05-12 13:29:13.024 [INFO ] PROPERTY_MAP              |  + java.version: java16
2016-05-12 13:29:13.024 [INFO ] PROPERTY_MAP              |  + log.directory.path: C:\scalaProjects\testPOI\sparrow\log_files
2016-05-12 13:29:13.025 [INFO ] PROPERTY_MAP              |  + log.encoding: UTF-8
2016-05-12 13:29:13.025 [INFO ] PROPERTY_MAP              |  + log.file.name: source_info.admin1_0_WMjava_10853.1.log
2016-05-12 13:29:13.025 [INFO ] PROPERTY_MAP              |  + log.level: info
2016-05-12 13:29:13.025 [INFO ] PROPERTY_MAP              |  + result.directory.path: C:\scalaProjects\testPOI\sparrow\resource_files\sourceinfo
2016-05-12 13:29:13.025 [INFO ] PROPERTY_MAP              |  + result.file.name: sourceinfo.dat
2016-05-12 13:29:13.026 [INFO ] PROPERTY_MAP              |  + source.file.encoding: UTF-8
2016-05-12 13:29:13.026 [INFO ] PROPERTY_MAP              |  + source.file.encoding.detection.enabled: false
2016-05-12 13:29:13.026 [INFO ] PROPERTY_MAP              |  + target.list.encoding: UTF-8
2016-05-12 13:29:13.026 [INFO ] PROPERTY_MAP              |  + target.list.file.name: C:\scalaProjects\testPOI\sparrow\map_files\src_info_map.txt
2016-05-12 13:29:13.026 [INFO ] PROPERTY_MAP              + [P] <<<=== End of the property
2016-05-12 13:29:13.027 [INFO ]                           
2016-05-12 13:29:13.045 [INFO ] EXTRACTOR                 + [E] Extract from 6 target(s) ===>>>
2016-05-12 13:29:13.046 [INFO ] EXTRACTOR                 |  + [    1/    6] [JAVA] C:\scalaProjects\testPOI\sparrow\source_files\testPOI\poi\Main.java (UTF-8)
2016-05-12 13:29:13.303 [INFO ] EXTRACTOR                 |  |  + Information [ JavaSource, ID: JAVA.fe31896ce5e144e8a6a9cbcf192c39bf ] has been extracted
2016-05-12 13:29:13.303 [INFO ] EXTRACTOR                 |  + [    2/    6] [JAVA] C:\scalaProjects\testPOI\sparrow\source_files\testPOI\TcWorkbook.java (UTF-8)
2016-05-12 13:29:13.337 [INFO ] EXTRACTOR                 |  |  + Information [ JavaSource, ID: JAVA.198c524abd4e4b32be0e6d6dc5424c90 ] has been extracted
2016-05-12 13:29:13.337 [INFO ] EXTRACTOR                 |  + [    3/    6] [JAVA] C:\scalaProjects\testPOI\sparrow\source_files\testPOI\poi\Constant.java (UTF-8)
2016-05-12 13:29:13.346 [INFO ] EXTRACTOR                 |  |  + Information [ JavaSource, ID: JAVA.e6a97ba3ed564d8e944b070a2dbde96e ] has been extracted
2016-05-12 13:29:13.347 [INFO ] EXTRACTOR                 |  + [    4/    6] [JAVA] C:\scalaProjects\testPOI\sparrow\source_files\testPOI\TcRow.java (UTF-8)
2016-05-12 13:29:13.359 [INFO ] EXTRACTOR                 |  |  + Information [ JavaSource, ID: JAVA.5fdc8037bd78409aa57957acc6a8786e ] has been extracted
2016-05-12 13:29:13.359 [INFO ] EXTRACTOR                 |  + [    5/    6] [JAVA] C:\scalaProjects\testPOI\sparrow\source_files\testPOI\poi\BenchmarkPOI\BenchmarkTemplate.java (UTF-8)
2016-05-12 13:29:13.369 [INFO ] EXTRACTOR                 |  |  + Information [ JavaSource, ID: JAVA.fb187a2488a44d4793a2a037eb405675 ] has been extracted
2016-05-12 13:29:13.369 [INFO ] EXTRACTOR                 |  + [    6/    6] [JAVA] C:\scalaProjects\testPOI\sparrow\source_files\testPOI\TcSheet.java (UTF-8)
2016-05-12 13:29:13.385 [INFO ] EXTRACTOR                 |  |  + Information [ JavaSource, ID: JAVA.131590432d674b79bb12b50c495d4310 ] has been extracted
2016-05-12 13:29:13.387 [INFO ] EXTRACTOR                 |  + Total     6/    6 (100.00%) target(s) has(have) been processed
2016-05-12 13:29:13.387 [INFO ] EXTRACTOR                 + [E] <<<=== Extraction finished
2016-05-12 13:29:13.387 [INFO ]                           
2016-05-12 13:29:13.388 [INFO ] REFINER                   + [R] Refine 6 target(s) ===>>>
2016-05-12 13:29:13.388 [INFO ] REFINER                   |  + [    1/    6] [JAVA] C:\scalaProjects\testPOI\sparrow\source_files\testPOI\poi\Main.java (UTF-8)
2016-05-12 13:29:13.704 [INFO ] REFINER                   |  |  + Information [ JavaSource, ID: JAVA.fe31896ce5e144e8a6a9cbcf192c39bf ] has been refined
2016-05-12 13:29:13.705 [INFO ] REFINER                   |  + [    2/    6] [JAVA] C:\scalaProjects\testPOI\sparrow\source_files\testPOI\TcWorkbook.java (UTF-8)
2016-05-12 13:29:13.712 [INFO ] REFINER                   |  |  + Information [ JavaSource, ID: JAVA.198c524abd4e4b32be0e6d6dc5424c90 ] has been refined
2016-05-12 13:29:13.712 [INFO ] REFINER                   |  + [    3/    6] [JAVA] C:\scalaProjects\testPOI\sparrow\source_files\testPOI\poi\Constant.java (UTF-8)
2016-05-12 13:29:13.718 [INFO ] REFINER                   |  |  + Information [ JavaSource, ID: JAVA.e6a97ba3ed564d8e944b070a2dbde96e ] has been refined
2016-05-12 13:29:13.719 [INFO ] REFINER                   |  + [    4/    6] [JAVA] C:\scalaProjects\testPOI\sparrow\source_files\testPOI\TcRow.java (UTF-8)
2016-05-12 13:29:13.726 [INFO ] REFINER                   |  |  + Information [ JavaSource, ID: JAVA.5fdc8037bd78409aa57957acc6a8786e ] has been refined
2016-05-12 13:29:13.726 [INFO ] REFINER                   |  + [    5/    6] [JAVA] C:\scalaProjects\testPOI\sparrow\source_files\testPOI\poi\BenchmarkPOI\BenchmarkTemplate.java (UTF-8)
2016-05-12 13:29:13.731 [INFO ] REFINER                   |  |  + Information [ JavaSource, ID: JAVA.fb187a2488a44d4793a2a037eb405675 ] has been refined
2016-05-12 13:29:13.732 [INFO ] REFINER                   |  + [    6/    6] [JAVA] C:\scalaProjects\testPOI\sparrow\source_files\testPOI\TcSheet.java (UTF-8)
2016-05-12 13:29:13.740 [INFO ] REFINER                   |  |  + Information [ JavaSource, ID: JAVA.131590432d674b79bb12b50c495d4310 ] has been refined
2016-05-12 13:29:13.740 [INFO ] REFINER                   |  + Total     6/    6 (100.00%) target(s) has(have) been processed
2016-05-12 13:29:13.741 [INFO ] REFINER                   + [R] <<<=== Refinement finished
2016-05-12 13:29:13.742 [INFO ]                           
2016-05-12 13:29:13.743 [INFO ] SOURCE_INFO               + [S] Source information has been stored to: C:\scalaProjects\testPOI\sparrow\resource_files\sourceinfo\sourceinfo.dat
